<component name="libraryTable">
  <library name="junit.jupiter.api" type="repository">
    <properties maven-id="org.junit.jupiter:junit-jupiter-api:5.4.1" />
    <CLASSES>
      <root url="jar://$PROJECT_DIR$/../../../library/junit-jupiter-api-5.4.1.jar!/" />
      <root url="jar://$PROJECT_DIR$/../../../library/apiguardian-api-1.0.0.jar!/" />
      <root url="jar://$PROJECT_DIR$/../../../library/opentest4j-1.1.1.jar!/" />
      <root url="jar://$PROJECT_DIR$/../../../library/junit-platform-commons-1.4.1.jar!/" />
    </CLASSES>
    <JAVADOC />
    <SOURCES />
  </library>
</component>